date: 2014-02-20 21:28:55.405
argv: node /usr/local/bin/hexo g
os: Darwin 13.0.0 darwin x64
version:
  hexo: 2.4.2
  http_parser: 1.0
  node: 0.10.22
  v8: 3.14.5.9
  ares: 1.9.0-DEV
  uv: 0.10.19
  zlib: 1.2.3
  modules: 11
  openssl: 1.0.1e
---

[debug] 21:28:55.120 Configuration file load successfully
[debug] 21:28:55.122 Version info checked successfully
[debug] 21:28:55.151 Loading database.
[debug] 21:28:55.195 Theme layout loaded
[debug] 21:28:55.264 Theme source loaded
[debug] 21:28:55.277 Theme configuration loaded
[debug] 21:28:55.283 Theme language files loaded
[debug] 21:28:55.314 Processed: _posts/hello-world.md
[debug] 21:28:55.330 Cache saved
[info] 21:28:55.355 Files loaded in 0.181s
[debug] 21:28:55.377 Render archive: archives/
[debug] 21:28:55.378 Render archive: archives/2014/
[debug] 21:28:55.380 Render archive: archives/2014/02/
[debug] 21:28:55.380 Render index: 
[debug] 21:28:55.380 Render post: 2014/02/20/hello-world/
[error] 21:28:55.389 Error: ENOENT, open '/Library/WebServer/Documents/uwenda.github.io/source/CNAME'
Error: ENOENT, open '/Library/WebServer/Documents/uwenda.github.io/source/CNAME'
